Arguments: 
  /Users/alexandermathis/.nvm/versions/node/v12.22.12/bin/node /Users/alexandermathis/.yarn/bin/yarn.js add sass bootstrap bootstrap-icons @popperjs/core

PATH: 
  /Users/alexandermathis/.rvm/gems/ruby-3.2.1/bin:/Users/alexandermathis/.rvm/gems/ruby-3.2.1@global/bin:/Users/alexandermathis/.rvm/rubies/ruby-3.2.1/bin:/usr/local/opt/bison/bin:/Users/alexandermathis/.yarn/bin:/Users/alexandermathis/.config/yarn/global/node_modules/.bin:/Users/alexandermathis/.nvm/versions/node/v12.22.12/bin:/Library/Frameworks/Python.framework/Versions/2.7/bin:/usr/local/bin:/usr/local/sbin:/Library/Frameworks/Python.framework/Versions/3.9/bin:/System/Cryptexes/App/usr/bin:/usr/bin:/bin:/usr/sbin:/sbin:/Library/TeX/texbin:/Library/Apple/usr/bin:/Users/alexandermathis/bin:/Users/alexandermathis/.local/bin:/Users/alexandermathis/.rvm/bin

Yarn version: 
  1.22.19

Node version: 
  12.22.12

Platform: 
  darwin x64

Trace: 
  SyntaxError: /Users/alexandermathis/Documents/GitHub/ruby-on-rails-boilerplate/package.json: Unexpected end of JSON input
      at JSON.parse (<anonymous>)
      at /Users/alexandermathis/.yarn/lib/cli.js:1629:59
      at Generator.next (<anonymous>)
      at step (/Users/alexandermathis/.yarn/lib/cli.js:310:30)
      at /Users/alexandermathis/.yarn/lib/cli.js:321:13

npm manifest: 
  

yarn manifest: 
  No manifest

Lockfile: 
  
